Added Component: Designator=U1(l298n)
Add component. Clean all parameters for all variants
Add component (AddParameter): Name = "Availability"; Value = "Unavailable"; VariantName = "[No Variations]"
Add component (AddParameter): Name = "MF"; Value = ""; VariantName = "[No Variations]"
Add component (AddParameter): Name = "MP"; Value = "L298N"; VariantName = "[No Variations]"
Add component (AddParameter): Name = "Package"; Value = "None"; VariantName = "[No Variations]"
Add component (AddParameter): Name = "Price"; Value = "None"; VariantName = "[No Variations]"
Add component (AddParameter): Name = "Value"; Value = ""; VariantName = "[No Variations]"
Added Component: Designator=U2(l298n)
Add component. Clean all parameters for all variants
Add component (AddParameter): Name = "Availability"; Value = "Unavailable"; VariantName = "[No Variations]"
Add component (AddParameter): Name = "MF"; Value = ""; VariantName = "[No Variations]"
Add component (AddParameter): Name = "MP"; Value = "L298N"; VariantName = "[No Variations]"
Add component (AddParameter): Name = "Package"; Value = "None"; VariantName = "[No Variations]"
Add component (AddParameter): Name = "Price"; Value = "None"; VariantName = "[No Variations]"
Add component (AddParameter): Name = "Value"; Value = ""; VariantName = "[No Variations]"
Added Pin To Net: NetName=5v Pin=U1-9
Added Pin To Net: NetName=5v Pin=U2-9
Added Net: Name=5v
Added Pin To Net: NetName=ena Pin=U1-12
Added Pin To Net: NetName=ena Pin=U2-6
Added Net: Name=ena
Added Pin To Net: NetName=enb Pin=U1-10
Added Pin To Net: NetName=enb Pin=U2-11
Added Net: Name=enb
Added Pin To Net: NetName=gnd Pin=U1-8
Added Pin To Net: NetName=gnd Pin=U2-8
Added Net: Name=gnd
Added Pin To Net: NetName=in1 Pin=U1-5
Added Pin To Net: NetName=in1 Pin=U2-5
Added Net: Name=in1
Added Pin To Net: NetName=in2 Pin=U1-7
Added Pin To Net: NetName=in2 Pin=U2-7
Added Net: Name=in2
Added Pin To Net: NetName=in3 Pin=U1-11
Added Pin To Net: NetName=in3 Pin=U2-10
Added Net: Name=in3
Added Pin To Net: NetName=in4 Pin=U1-6
Added Pin To Net: NetName=in4 Pin=U2-12
Added Net: Name=in4
Added Pin To Net: NetName=out1 Pin=U1-2
Added Pin To Net: NetName=out1 Pin=U2-2
Added Net: Name=out1
Added Pin To Net: NetName=out2 Pin=U1-3
Added Pin To Net: NetName=out2 Pin=U2-3
Added Net: Name=out2
Added Pin To Net: NetName=out3 Pin=U1-13
Added Pin To Net: NetName=out3 Pin=U2-13
Added Net: Name=out3
Added Pin To Net: NetName=out4 Pin=U1-14
Added Pin To Net: NetName=out4 Pin=U2-14
Added Net: Name=out4
Added Pin To Net: NetName=rsena Pin=U1-1
Added Pin To Net: NetName=rsena Pin=U2-1
Added Net: Name=rsena
Added Pin To Net: NetName=rsenb Pin=U1-15
Added Pin To Net: NetName=rsenb Pin=U2-15
Added Net: Name=rsenb
Added Pin To Net: NetName=vcc Pin=U1-4
Added Pin To Net: NetName=vcc Pin=U2-4
Added Net: Name=vcc
Added Class: Name=Sheet1
Added Room: Name=Sheet1
