[0328/173224:WARNING:backend_impl.cc(1807)] Destroying invalid entry.
[0328/173229:INFO:CONSOLE(0)] "Unrecognized Content-Security-Policy directive 'prefetch-src'.
", source: https://www.altium.com/ad-start/ (0)
[0328/173229:INFO:CONSOLE(0)] "The source list for Content Security Policy directive 'script-src' contains an invalid source: ''report-sample''. It will be ignored.", source: https://www.altium.com/ad-start/ (0)
[0328/173229:INFO:CONSOLE(0)] "Unrecognized Content-Security-Policy directive 'worker-src'.
", source: https://www.altium.com/ad-start/ (0)
[0329/195517:INFO:CONSOLE(0)] "Unrecognized Content-Security-Policy directive 'prefetch-src'.
", source: https://www.altium.com/ad-start/ (0)
[0329/195517:INFO:CONSOLE(0)] "The source list for Content Security Policy directive 'script-src' contains an invalid source: ''report-sample''. It will be ignored.", source: https://www.altium.com/ad-start/ (0)
[0329/195517:INFO:CONSOLE(0)] "Unrecognized Content-Security-Policy directive 'worker-src'.
", source: https://www.altium.com/ad-start/ (0)
[0403/183739:INFO:CONSOLE(0)] "Unrecognized Content-Security-Policy directive 'prefetch-src'.
", source: https://www.altium.com/ad-start/ (0)
[0403/183739:INFO:CONSOLE(0)] "The source list for Content Security Policy directive 'script-src' contains an invalid source: ''report-sample''. It will be ignored.", source: https://www.altium.com/ad-start/ (0)
[0403/183739:INFO:CONSOLE(0)] "Unrecognized Content-Security-Policy directive 'worker-src'.
", source: https://www.altium.com/ad-start/ (0)
[0403/213712:INFO:CONSOLE(0)] "Unrecognized Content-Security-Policy directive 'prefetch-src'.
", source: https://www.altium.com/ad-start/ (0)
[0403/213712:INFO:CONSOLE(0)] "The source list for Content Security Policy directive 'script-src' contains an invalid source: ''report-sample''. It will be ignored.", source: https://www.altium.com/ad-start/ (0)
[0403/213712:INFO:CONSOLE(0)] "Unrecognized Content-Security-Policy directive 'worker-src'.
", source: https://www.altium.com/ad-start/ (0)
[0403/215840:INFO:CONSOLE(0)] "Unrecognized Content-Security-Policy directive 'prefetch-src'.
", source: https://www.altium.com/ad-start/ (0)
[0403/215840:INFO:CONSOLE(0)] "The source list for Content Security Policy directive 'script-src' contains an invalid source: ''report-sample''. It will be ignored.", source: https://www.altium.com/ad-start/ (0)
[0403/215840:INFO:CONSOLE(0)] "Unrecognized Content-Security-Policy directive 'worker-src'.
", source: https://www.altium.com/ad-start/ (0)
[0403/220201:INFO:CONSOLE(0)] "Unrecognized Content-Security-Policy directive 'prefetch-src'.
", source: https://www.altium.com/ad-start/ (0)
[0403/220201:INFO:CONSOLE(0)] "The source list for Content Security Policy directive 'script-src' contains an invalid source: ''report-sample''. It will be ignored.", source: https://www.altium.com/ad-start/ (0)
[0403/220201:INFO:CONSOLE(0)] "Unrecognized Content-Security-Policy directive 'worker-src'.
", source: https://www.altium.com/ad-start/ (0)
[0405/001234:INFO:CONSOLE(0)] "Unrecognized Content-Security-Policy directive 'prefetch-src'.
", source: https://www.altium.com/ad-start/ (0)
[0405/001234:INFO:CONSOLE(0)] "The source list for Content Security Policy directive 'script-src' contains an invalid source: ''report-sample''. It will be ignored.", source: https://www.altium.com/ad-start/ (0)
[0405/001234:INFO:CONSOLE(0)] "Unrecognized Content-Security-Policy directive 'worker-src'.
", source: https://www.altium.com/ad-start/ (0)
[0405/180842:INFO:CONSOLE(0)] "Unrecognized Content-Security-Policy directive 'prefetch-src'.
", source: https://www.altium.com/ad-start/ (0)
[0405/180842:INFO:CONSOLE(0)] "The source list for Content Security Policy directive 'script-src' contains an invalid source: ''report-sample''. It will be ignored.", source: https://www.altium.com/ad-start/ (0)
[0405/180842:INFO:CONSOLE(0)] "Unrecognized Content-Security-Policy directive 'worker-src'.
", source: https://www.altium.com/ad-start/ (0)
[0414/135155:INFO:CONSOLE(0)] "Unrecognized Content-Security-Policy directive 'prefetch-src'.
", source: https://www.altium.com/ad-start/ (0)
[0414/135155:INFO:CONSOLE(0)] "The source list for Content Security Policy directive 'script-src' contains an invalid source: ''report-sample''. It will be ignored.", source: https://www.altium.com/ad-start/ (0)
[0414/135155:INFO:CONSOLE(0)] "Unrecognized Content-Security-Policy directive 'worker-src'.
", source: https://www.altium.com/ad-start/ (0)
[0417/161809:WARNING:dns_config_service_win.cc(665)] Failed to read DnsConfig.
[0417/161810:WARNING:dns_config_service_win.cc(665)] Failed to read DnsConfig.
[0417/224901:WARNING:dns_config_service_win.cc(665)] Failed to read DnsConfig.
[0417/224907:WARNING:dns_config_service_win.cc(665)] Failed to read DnsConfig.
[0417/224912:WARNING:dns_config_service_win.cc(665)] Failed to read DnsConfig.
[0417/224917:WARNING:dns_config_service_win.cc(665)] Failed to read DnsConfig.
[0417/224922:WARNING:dns_config_service_win.cc(665)] Failed to read DnsConfig.
[0417/224927:WARNING:dns_config_service_win.cc(665)] Failed to read DnsConfig.
[0417/224932:WARNING:dns_config_service_win.cc(665)] Failed to read DnsConfig.
[0417/224937:WARNING:dns_config_service_win.cc(665)] Failed to read DnsConfig.
[0417/224942:WARNING:dns_config_service_win.cc(665)] Failed to read DnsConfig.
[0417/224947:WARNING:dns_config_service_win.cc(665)] Failed to read DnsConfig.
[0417/224952:WARNING:dns_config_service_win.cc(665)] Failed to read DnsConfig.
[0417/224957:WARNING:dns_config_service_win.cc(665)] Failed to read DnsConfig.
[0417/225002:WARNING:dns_config_service_win.cc(665)] Failed to read DnsConfig.
[0417/225007:WARNING:dns_config_service_win.cc(665)] Failed to read DnsConfig.
[0417/225012:WARNING:dns_config_service_win.cc(665)] Failed to read DnsConfig.
[0417/225017:WARNING:dns_config_service_win.cc(665)] Failed to read DnsConfig.
[0507/160520:WARNING:dns_config_service_win.cc(665)] Failed to read DnsConfig.
[0507/162030:WARNING:dns_config_service_win.cc(665)] Failed to read DnsConfig.
[0530/160914:WARNING:dns_config_service_win.cc(665)] Failed to read DnsConfig.
[0530/160919:WARNING:dns_config_service_win.cc(665)] Failed to read DnsConfig.
[0530/160924:WARNING:dns_config_service_win.cc(665)] Failed to read DnsConfig.
[0530/160929:WARNING:dns_config_service_win.cc(665)] Failed to read DnsConfig.
[0530/160934:WARNING:dns_config_service_win.cc(665)] Failed to read DnsConfig.
[0530/160939:WARNING:dns_config_service_win.cc(665)] Failed to read DnsConfig.
[0530/160944:WARNING:dns_config_service_win.cc(665)] Failed to read DnsConfig.
[0530/160949:WARNING:dns_config_service_win.cc(665)] Failed to read DnsConfig.
[0530/160954:WARNING:dns_config_service_win.cc(665)] Failed to read DnsConfig.
[0530/160959:WARNING:dns_config_service_win.cc(665)] Failed to read DnsConfig.
[0530/161004:WARNING:dns_config_service_win.cc(665)] Failed to read DnsConfig.
[0530/161009:WARNING:dns_config_service_win.cc(665)] Failed to read DnsConfig.
[0530/161014:WARNING:dns_config_service_win.cc(665)] Failed to read DnsConfig.
[0530/161019:WARNING:dns_config_service_win.cc(665)] Failed to read DnsConfig.
[0530/161024:WARNING:dns_config_service_win.cc(665)] Failed to read DnsConfig.
[0530/161029:WARNING:dns_config_service_win.cc(665)] Failed to read DnsConfig.
[0530/161034:WARNING:dns_config_service_win.cc(665)] Failed to read DnsConfig.
[0530/161039:WARNING:dns_config_service_win.cc(665)] Failed to read DnsConfig.
[0530/161044:WARNING:dns_config_service_win.cc(665)] Failed to read DnsConfig.
[0530/161049:WARNING:dns_config_service_win.cc(665)] Failed to read DnsConfig.
[0530/161054:WARNING:dns_config_service_win.cc(665)] Failed to read DnsConfig.
[0530/161059:WARNING:dns_config_service_win.cc(665)] Failed to read DnsConfig.
[0530/161104:WARNING:dns_config_service_win.cc(665)] Failed to read DnsConfig.
[0530/161109:WARNING:dns_config_service_win.cc(665)] Failed to read DnsConfig.
[0530/161114:WARNING:dns_config_service_win.cc(665)] Failed to read DnsConfig.
[0530/161119:WARNING:dns_config_service_win.cc(665)] Failed to read DnsConfig.
[0530/161124:WARNING:dns_config_service_win.cc(665)] Failed to read DnsConfig.
[0530/161129:WARNING:dns_config_service_win.cc(665)] Failed to read DnsConfig.
[0530/161134:WARNING:dns_config_service_win.cc(665)] Failed to read DnsConfig.
[0530/161139:WARNING:dns_config_service_win.cc(665)] Failed to read DnsConfig.
[0530/161144:WARNING:dns_config_service_win.cc(665)] Failed to read DnsConfig.
[0530/161149:WARNING:dns_config_service_win.cc(665)] Failed to read DnsConfig.
[0530/161154:WARNING:dns_config_service_win.cc(665)] Failed to read DnsConfig.
[0530/161159:WARNING:dns_config_service_win.cc(665)] Failed to read DnsConfig.
[0530/161204:WARNING:dns_config_service_win.cc(665)] Failed to read DnsConfig.
[0530/161209:WARNING:dns_config_service_win.cc(665)] Failed to read DnsConfig.
[0530/161214:WARNING:dns_config_service_win.cc(665)] Failed to read DnsConfig.
[0530/161219:WARNING:dns_config_service_win.cc(665)] Failed to read DnsConfig.
[0530/161224:WARNING:dns_config_service_win.cc(665)] Failed to read DnsConfig.
[0530/161229:WARNING:dns_config_service_win.cc(665)] Failed to read DnsConfig.
[0530/161234:WARNING:dns_config_service_win.cc(665)] Failed to read DnsConfig.
[0530/161239:WARNING:dns_config_service_win.cc(665)] Failed to read DnsConfig.
[0530/161244:WARNING:dns_config_service_win.cc(665)] Failed to read DnsConfig.
[0530/161249:WARNING:dns_config_service_win.cc(665)] Failed to read DnsConfig.
[0530/161254:WARNING:dns_config_service_win.cc(665)] Failed to read DnsConfig.
[0602/103958:WARNING:dns_config_service_win.cc(665)] Failed to read DnsConfig.
[0602/104003:WARNING:dns_config_service_win.cc(665)] Failed to read DnsConfig.
[0602/104008:WARNING:dns_config_service_win.cc(665)] Failed to read DnsConfig.
[0602/104013:WARNING:dns_config_service_win.cc(665)] Failed to read DnsConfig.
[0602/104018:WARNING:dns_config_service_win.cc(665)] Failed to read DnsConfig.
[0602/104023:WARNING:dns_config_service_win.cc(665)] Failed to read DnsConfig.
[0602/104029:WARNING:dns_config_service_win.cc(665)] Failed to read DnsConfig.
[0602/104034:WARNING:dns_config_service_win.cc(665)] Failed to read DnsConfig.
[0602/104039:WARNING:dns_config_service_win.cc(665)] Failed to read DnsConfig.
[0602/104044:WARNING:dns_config_service_win.cc(665)] Failed to read DnsConfig.
[0602/104049:WARNING:dns_config_service_win.cc(665)] Failed to read DnsConfig.
[0602/104054:WARNING:dns_config_service_win.cc(665)] Failed to read DnsConfig.
[0602/104059:WARNING:dns_config_service_win.cc(665)] Failed to read DnsConfig.
[0602/104104:WARNING:dns_config_service_win.cc(665)] Failed to read DnsConfig.
[0602/104109:WARNING:dns_config_service_win.cc(665)] Failed to read DnsConfig.
[0602/104114:WARNING:dns_config_service_win.cc(665)] Failed to read DnsConfig.
[0602/104119:WARNING:dns_config_service_win.cc(665)] Failed to read DnsConfig.
[0602/104124:WARNING:dns_config_service_win.cc(665)] Failed to read DnsConfig.
[0602/104129:WARNING:dns_config_service_win.cc(665)] Failed to read DnsConfig.
[0602/104134:WARNING:dns_config_service_win.cc(665)] Failed to read DnsConfig.
[0602/104139:WARNING:dns_config_service_win.cc(665)] Failed to read DnsConfig.
[0602/104144:WARNING:dns_config_service_win.cc(665)] Failed to read DnsConfig.
[0602/104149:WARNING:dns_config_service_win.cc(665)] Failed to read DnsConfig.
[0602/104154:WARNING:dns_config_service_win.cc(665)] Failed to read DnsConfig.
[0602/104159:WARNING:dns_config_service_win.cc(665)] Failed to read DnsConfig.
[0602/104204:WARNING:dns_config_service_win.cc(665)] Failed to read DnsConfig.
[0602/104209:WARNING:dns_config_service_win.cc(665)] Failed to read DnsConfig.
[0602/104214:WARNING:dns_config_service_win.cc(665)] Failed to read DnsConfig.
[0602/104219:WARNING:dns_config_service_win.cc(665)] Failed to read DnsConfig.
[0602/104224:WARNING:dns_config_service_win.cc(665)] Failed to read DnsConfig.
[0602/104229:WARNING:dns_config_service_win.cc(665)] Failed to read DnsConfig.
[0602/104234:WARNING:dns_config_service_win.cc(665)] Failed to read DnsConfig.
[0602/104239:WARNING:dns_config_service_win.cc(665)] Failed to read DnsConfig.
[0602/104244:WARNING:dns_config_service_win.cc(665)] Failed to read DnsConfig.
[0602/104249:WARNING:dns_config_service_win.cc(665)] Failed to read DnsConfig.
[0602/104254:WARNING:dns_config_service_win.cc(665)] Failed to read DnsConfig.
[0602/104259:WARNING:dns_config_service_win.cc(665)] Failed to read DnsConfig.
[0602/104304:WARNING:dns_config_service_win.cc(665)] Failed to read DnsConfig.
[0602/104309:WARNING:dns_config_service_win.cc(665)] Failed to read DnsConfig.
[0602/104314:WARNING:dns_config_service_win.cc(665)] Failed to read DnsConfig.
[0602/104319:WARNING:dns_config_service_win.cc(665)] Failed to read DnsConfig.
[0602/104324:WARNING:dns_config_service_win.cc(665)] Failed to read DnsConfig.
[0602/104329:WARNING:dns_config_service_win.cc(665)] Failed to read DnsConfig.
[0602/104334:WARNING:dns_config_service_win.cc(665)] Failed to read DnsConfig.
[0602/104339:WARNING:dns_config_service_win.cc(665)] Failed to read DnsConfig.
[0602/104344:WARNING:dns_config_service_win.cc(665)] Failed to read DnsConfig.
[0602/104349:WARNING:dns_config_service_win.cc(665)] Failed to read DnsConfig.
[0602/104354:WARNING:dns_config_service_win.cc(665)] Failed to read DnsConfig.
[0602/104359:WARNING:dns_config_service_win.cc(665)] Failed to read DnsConfig.
[0602/104404:WARNING:dns_config_service_win.cc(665)] Failed to read DnsConfig.
[0602/104409:WARNING:dns_config_service_win.cc(665)] Failed to read DnsConfig.
[0602/104414:WARNING:dns_config_service_win.cc(665)] Failed to read DnsConfig.
[0602/104419:WARNING:dns_config_service_win.cc(665)] Failed to read DnsConfig.
[0602/104424:WARNING:dns_config_service_win.cc(665)] Failed to read DnsConfig.
[0602/104429:WARNING:dns_config_service_win.cc(665)] Failed to read DnsConfig.
[0602/104434:WARNING:dns_config_service_win.cc(665)] Failed to read DnsConfig.
[0602/104439:WARNING:dns_config_service_win.cc(665)] Failed to read DnsConfig.
[0602/104444:WARNING:dns_config_service_win.cc(665)] Failed to read DnsConfig.
[0602/104449:WARNING:dns_config_service_win.cc(665)] Failed to read DnsConfig.
[0602/104454:WARNING:dns_config_service_win.cc(665)] Failed to read DnsConfig.
[0602/104459:WARNING:dns_config_service_win.cc(665)] Failed to read DnsConfig.
[0602/104504:WARNING:dns_config_service_win.cc(665)] Failed to read DnsConfig.
[0602/104509:WARNING:dns_config_service_win.cc(665)] Failed to read DnsConfig.
[0602/104514:WARNING:dns_config_service_win.cc(665)] Failed to read DnsConfig.
[0602/104519:WARNING:dns_config_service_win.cc(665)] Failed to read DnsConfig.
[0602/104524:WARNING:dns_config_service_win.cc(665)] Failed to read DnsConfig.
[0602/104529:WARNING:dns_config_service_win.cc(665)] Failed to read DnsConfig.
[0602/104534:WARNING:dns_config_service_win.cc(665)] Failed to read DnsConfig.
[0602/104539:WARNING:dns_config_service_win.cc(665)] Failed to read DnsConfig.
[0602/104544:WARNING:dns_config_service_win.cc(665)] Failed to read DnsConfig.
[0602/104549:WARNING:dns_config_service_win.cc(665)] Failed to read DnsConfig.
[0602/104554:WARNING:dns_config_service_win.cc(665)] Failed to read DnsConfig.
[0602/104559:WARNING:dns_config_service_win.cc(665)] Failed to read DnsConfig.
[0602/104604:WARNING:dns_config_service_win.cc(665)] Failed to read DnsConfig.
[0602/104609:WARNING:dns_config_service_win.cc(665)] Failed to read DnsConfig.
[0602/104614:WARNING:dns_config_service_win.cc(665)] Failed to read DnsConfig.
[0602/104619:WARNING:dns_config_service_win.cc(665)] Failed to read DnsConfig.
[0602/104624:WARNING:dns_config_service_win.cc(665)] Failed to read DnsConfig.
[0602/104629:WARNING:dns_config_service_win.cc(665)] Failed to read DnsConfig.
[0602/104634:WARNING:dns_config_service_win.cc(665)] Failed to read DnsConfig.
[0602/104639:WARNING:dns_config_service_win.cc(665)] Failed to read DnsConfig.
[0602/104644:WARNING:dns_config_service_win.cc(665)] Failed to read DnsConfig.
[0602/104649:WARNING:dns_config_service_win.cc(665)] Failed to read DnsConfig.
[0602/104654:WARNING:dns_config_service_win.cc(665)] Failed to read DnsConfig.
[0602/104659:WARNING:dns_config_service_win.cc(665)] Failed to read DnsConfig.
[0602/104704:WARNING:dns_config_service_win.cc(665)] Failed to read DnsConfig.
[0602/104709:WARNING:dns_config_service_win.cc(665)] Failed to read DnsConfig.
[0602/104714:WARNING:dns_config_service_win.cc(665)] Failed to read DnsConfig.
[0602/104719:WARNING:dns_config_service_win.cc(665)] Failed to read DnsConfig.
[0602/104724:WARNING:dns_config_service_win.cc(665)] Failed to read DnsConfig.
[0602/104729:WARNING:dns_config_service_win.cc(665)] Failed to read DnsConfig.
[0602/104734:WARNING:dns_config_service_win.cc(665)] Failed to read DnsConfig.
[0602/104739:WARNING:dns_config_service_win.cc(665)] Failed to read DnsConfig.
[0602/104744:WARNING:dns_config_service_win.cc(665)] Failed to read DnsConfig.
[0602/104749:WARNING:dns_config_service_win.cc(665)] Failed to read DnsConfig.
[0602/104754:WARNING:dns_config_service_win.cc(665)] Failed to read DnsConfig.
[0602/104800:WARNING:dns_config_service_win.cc(665)] Failed to read DnsConfig.
[0602/104805:WARNING:dns_config_service_win.cc(665)] Failed to read DnsConfig.
[0602/104810:WARNING:dns_config_service_win.cc(665)] Failed to read DnsConfig.
[0602/104815:WARNING:dns_config_service_win.cc(665)] Failed to read DnsConfig.
[0602/104820:WARNING:dns_config_service_win.cc(665)] Failed to read DnsConfig.
[0602/104825:WARNING:dns_config_service_win.cc(665)] Failed to read DnsConfig.
[0602/104830:WARNING:dns_config_service_win.cc(665)] Failed to read DnsConfig.
[0602/104835:WARNING:dns_config_service_win.cc(665)] Failed to read DnsConfig.
[0602/104840:WARNING:dns_config_service_win.cc(665)] Failed to read DnsConfig.
[0602/104845:WARNING:dns_config_service_win.cc(665)] Failed to read DnsConfig.
[0602/104850:WARNING:dns_config_service_win.cc(665)] Failed to read DnsConfig.
[0602/104855:WARNING:dns_config_service_win.cc(665)] Failed to read DnsConfig.
[0602/104900:WARNING:dns_config_service_win.cc(665)] Failed to read DnsConfig.
[0602/104905:WARNING:dns_config_service_win.cc(665)] Failed to read DnsConfig.
[0602/104910:WARNING:dns_config_service_win.cc(665)] Failed to read DnsConfig.
[0602/104915:WARNING:dns_config_service_win.cc(665)] Failed to read DnsConfig.
[0602/104920:WARNING:dns_config_service_win.cc(665)] Failed to read DnsConfig.
[0602/104925:WARNING:dns_config_service_win.cc(665)] Failed to read DnsConfig.
[0602/104930:WARNING:dns_config_service_win.cc(665)] Failed to read DnsConfig.
[0602/104935:WARNING:dns_config_service_win.cc(665)] Failed to read DnsConfig.
[0602/104940:WARNING:dns_config_service_win.cc(665)] Failed to read DnsConfig.
[0602/104945:WARNING:dns_config_service_win.cc(665)] Failed to read DnsConfig.
[0602/104950:WARNING:dns_config_service_win.cc(665)] Failed to read DnsConfig.
[0602/135758:WARNING:dns_config_service_win.cc(665)] Failed to read DnsConfig.
[0602/135803:WARNING:dns_config_service_win.cc(665)] Failed to read DnsConfig.
[0602/135808:WARNING:dns_config_service_win.cc(665)] Failed to read DnsConfig.
[0602/135813:WARNING:dns_config_service_win.cc(665)] Failed to read DnsConfig.
[0602/135818:WARNING:dns_config_service_win.cc(665)] Failed to read DnsConfig.
[0602/135823:WARNING:dns_config_service_win.cc(665)] Failed to read DnsConfig.
[0602/135828:WARNING:dns_config_service_win.cc(665)] Failed to read DnsConfig.
[0602/135833:WARNING:dns_config_service_win.cc(665)] Failed to read DnsConfig.
[0602/135838:WARNING:dns_config_service_win.cc(665)] Failed to read DnsConfig.
[0602/135843:WARNING:dns_config_service_win.cc(665)] Failed to read DnsConfig.
[0602/135848:WARNING:dns_config_service_win.cc(665)] Failed to read DnsConfig.
[0602/135853:WARNING:dns_config_service_win.cc(665)] Failed to read DnsConfig.
[0602/135858:WARNING:dns_config_service_win.cc(665)] Failed to read DnsConfig.
[0602/135903:WARNING:dns_config_service_win.cc(665)] Failed to read DnsConfig.
[0602/135908:WARNING:dns_config_service_win.cc(665)] Failed to read DnsConfig.
[0602/135913:WARNING:dns_config_service_win.cc(665)] Failed to read DnsConfig.
[0602/135918:WARNING:dns_config_service_win.cc(665)] Failed to read DnsConfig.
[0602/135923:WARNING:dns_config_service_win.cc(665)] Failed to read DnsConfig.
[0602/135928:WARNING:dns_config_service_win.cc(665)] Failed to read DnsConfig.
[0602/135933:WARNING:dns_config_service_win.cc(665)] Failed to read DnsConfig.
[0602/135938:WARNING:dns_config_service_win.cc(665)] Failed to read DnsConfig.
[0602/135943:WARNING:dns_config_service_win.cc(665)] Failed to read DnsConfig.
[0602/135948:WARNING:dns_config_service_win.cc(665)] Failed to read DnsConfig.
[0602/135953:WARNING:dns_config_service_win.cc(665)] Failed to read DnsConfig.
[0602/135958:WARNING:dns_config_service_win.cc(665)] Failed to read DnsConfig.
[0602/140003:WARNING:dns_config_service_win.cc(665)] Failed to read DnsConfig.
[0602/140008:WARNING:dns_config_service_win.cc(665)] Failed to read DnsConfig.
[0602/140013:WARNING:dns_config_service_win.cc(665)] Failed to read DnsConfig.
[0602/140018:WARNING:dns_config_service_win.cc(665)] Failed to read DnsConfig.
[0602/140023:WARNING:dns_config_service_win.cc(665)] Failed to read DnsConfig.
[0602/140028:WARNING:dns_config_service_win.cc(665)] Failed to read DnsConfig.
[0602/140033:WARNING:dns_config_service_win.cc(665)] Failed to read DnsConfig.
[0602/140038:WARNING:dns_config_service_win.cc(665)] Failed to read DnsConfig.
[0602/140043:WARNING:dns_config_service_win.cc(665)] Failed to read DnsConfig.
[0602/140048:WARNING:dns_config_service_win.cc(665)] Failed to read DnsConfig.
[0602/140053:WARNING:dns_config_service_win.cc(665)] Failed to read DnsConfig.
[0602/140058:WARNING:dns_config_service_win.cc(665)] Failed to read DnsConfig.
[0602/140103:WARNING:dns_config_service_win.cc(665)] Failed to read DnsConfig.
[0602/140108:WARNING:dns_config_service_win.cc(665)] Failed to read DnsConfig.
[0602/140113:WARNING:dns_config_service_win.cc(665)] Failed to read DnsConfig.
[0602/140118:WARNING:dns_config_service_win.cc(665)] Failed to read DnsConfig.
[0602/140123:WARNING:dns_config_service_win.cc(665)] Failed to read DnsConfig.
[0602/140128:WARNING:dns_config_service_win.cc(665)] Failed to read DnsConfig.
[0602/140133:WARNING:dns_config_service_win.cc(665)] Failed to read DnsConfig.
[0602/140138:WARNING:dns_config_service_win.cc(665)] Failed to read DnsConfig.
[0602/140143:WARNING:dns_config_service_win.cc(665)] Failed to read DnsConfig.
[0602/140148:WARNING:dns_config_service_win.cc(665)] Failed to read DnsConfig.
[0602/140153:WARNING:dns_config_service_win.cc(665)] Failed to read DnsConfig.
[0602/140158:WARNING:dns_config_service_win.cc(665)] Failed to read DnsConfig.
[0602/140203:WARNING:dns_config_service_win.cc(665)] Failed to read DnsConfig.
[0602/140208:WARNING:dns_config_service_win.cc(665)] Failed to read DnsConfig.
[0602/140213:WARNING:dns_config_service_win.cc(665)] Failed to read DnsConfig.
[0602/140218:WARNING:dns_config_service_win.cc(665)] Failed to read DnsConfig.
[0602/140223:WARNING:dns_config_service_win.cc(665)] Failed to read DnsConfig.
[0602/140228:WARNING:dns_config_service_win.cc(665)] Failed to read DnsConfig.
[0602/140233:WARNING:dns_config_service_win.cc(665)] Failed to read DnsConfig.
[0602/140238:WARNING:dns_config_service_win.cc(665)] Failed to read DnsConfig.
[0602/140243:WARNING:dns_config_service_win.cc(665)] Failed to read DnsConfig.
[0602/140248:WARNING:dns_config_service_win.cc(665)] Failed to read DnsConfig.
[0602/140253:WARNING:dns_config_service_win.cc(665)] Failed to read DnsConfig.
[0602/140258:WARNING:dns_config_service_win.cc(665)] Failed to read DnsConfig.
[0602/140303:WARNING:dns_config_service_win.cc(665)] Failed to read DnsConfig.
[0602/140308:WARNING:dns_config_service_win.cc(665)] Failed to read DnsConfig.
[0602/140313:WARNING:dns_config_service_win.cc(665)] Failed to read DnsConfig.
[0602/140319:WARNING:dns_config_service_win.cc(665)] Failed to read DnsConfig.
[0602/140324:WARNING:dns_config_service_win.cc(665)] Failed to read DnsConfig.
[0602/140329:WARNING:dns_config_service_win.cc(665)] Failed to read DnsConfig.
[0602/140334:WARNING:dns_config_service_win.cc(665)] Failed to read DnsConfig.
[0602/140339:WARNING:dns_config_service_win.cc(665)] Failed to read DnsConfig.
[0602/140344:WARNING:dns_config_service_win.cc(665)] Failed to read DnsConfig.
[0602/140349:WARNING:dns_config_service_win.cc(665)] Failed to read DnsConfig.
[0602/140354:WARNING:dns_config_service_win.cc(665)] Failed to read DnsConfig.
[0602/140359:WARNING:dns_config_service_win.cc(665)] Failed to read DnsConfig.
[0602/140404:WARNING:dns_config_service_win.cc(665)] Failed to read DnsConfig.
[0602/140409:WARNING:dns_config_service_win.cc(665)] Failed to read DnsConfig.
[0602/140414:WARNING:dns_config_service_win.cc(665)] Failed to read DnsConfig.
[0602/140419:WARNING:dns_config_service_win.cc(665)] Failed to read DnsConfig.
[0602/140424:WARNING:dns_config_service_win.cc(665)] Failed to read DnsConfig.
[0602/140429:WARNING:dns_config_service_win.cc(665)] Failed to read DnsConfig.
[0602/140434:WARNING:dns_config_service_win.cc(665)] Failed to read DnsConfig.
[0602/140439:WARNING:dns_config_service_win.cc(665)] Failed to read DnsConfig.
[0602/140444:WARNING:dns_config_service_win.cc(665)] Failed to read DnsConfig.
[0602/140449:WARNING:dns_config_service_win.cc(665)] Failed to read DnsConfig.
[0602/140454:WARNING:dns_config_service_win.cc(665)] Failed to read DnsConfig.
[0602/140459:WARNING:dns_config_service_win.cc(665)] Failed to read DnsConfig.
[0602/140504:WARNING:dns_config_service_win.cc(665)] Failed to read DnsConfig.
[0602/140509:WARNING:dns_config_service_win.cc(665)] Failed to read DnsConfig.
[0602/140514:WARNING:dns_config_service_win.cc(665)] Failed to read DnsConfig.
[0602/140519:WARNING:dns_config_service_win.cc(665)] Failed to read DnsConfig.
[0602/140524:WARNING:dns_config_service_win.cc(665)] Failed to read DnsConfig.
[0602/140529:WARNING:dns_config_service_win.cc(665)] Failed to read DnsConfig.
[0602/140534:WARNING:dns_config_service_win.cc(665)] Failed to read DnsConfig.
[0602/140539:WARNING:dns_config_service_win.cc(665)] Failed to read DnsConfig.
[0602/140544:WARNING:dns_config_service_win.cc(665)] Failed to read DnsConfig.
[0602/140549:WARNING:dns_config_service_win.cc(665)] Failed to read DnsConfig.
[0602/140554:WARNING:dns_config_service_win.cc(665)] Failed to read DnsConfig.
[0602/140559:WARNING:dns_config_service_win.cc(665)] Failed to read DnsConfig.
[0602/140604:WARNING:dns_config_service_win.cc(665)] Failed to read DnsConfig.
[0602/140609:WARNING:dns_config_service_win.cc(665)] Failed to read DnsConfig.
[0602/140614:WARNING:dns_config_service_win.cc(665)] Failed to read DnsConfig.
[0602/140619:WARNING:dns_config_service_win.cc(665)] Failed to read DnsConfig.
[0602/140624:WARNING:dns_config_service_win.cc(665)] Failed to read DnsConfig.
[0602/140629:WARNING:dns_config_service_win.cc(665)] Failed to read DnsConfig.
[0602/140634:WARNING:dns_config_service_win.cc(665)] Failed to read DnsConfig.
[0602/140639:WARNING:dns_config_service_win.cc(665)] Failed to read DnsConfig.
[0602/140644:WARNING:dns_config_service_win.cc(665)] Failed to read DnsConfig.
[0602/140649:WARNING:dns_config_service_win.cc(665)] Failed to read DnsConfig.
[0602/140654:WARNING:dns_config_service_win.cc(665)] Failed to read DnsConfig.
[0602/140659:WARNING:dns_config_service_win.cc(665)] Failed to read DnsConfig.
[0602/140704:WARNING:dns_config_service_win.cc(665)] Failed to read DnsConfig.
[0602/140709:WARNING:dns_config_service_win.cc(665)] Failed to read DnsConfig.
[0602/140714:WARNING:dns_config_service_win.cc(665)] Failed to read DnsConfig.
[0602/140719:WARNING:dns_config_service_win.cc(665)] Failed to read DnsConfig.
[0602/140724:WARNING:dns_config_service_win.cc(665)] Failed to read DnsConfig.
[0602/140729:WARNING:dns_config_service_win.cc(665)] Failed to read DnsConfig.
[0602/140734:WARNING:dns_config_service_win.cc(665)] Failed to read DnsConfig.
[0602/140739:WARNING:dns_config_service_win.cc(665)] Failed to read DnsConfig.
[0602/140744:WARNING:dns_config_service_win.cc(665)] Failed to read DnsConfig.
[0602/140749:WARNING:dns_config_service_win.cc(665)] Failed to read DnsConfig.
[0602/140754:WARNING:dns_config_service_win.cc(665)] Failed to read DnsConfig.
[0602/140759:WARNING:dns_config_service_win.cc(665)] Failed to read DnsConfig.
[0602/140804:WARNING:dns_config_service_win.cc(665)] Failed to read DnsConfig.
[0602/140809:WARNING:dns_config_service_win.cc(665)] Failed to read DnsConfig.
[0602/140814:WARNING:dns_config_service_win.cc(665)] Failed to read DnsConfig.
[0602/140819:WARNING:dns_config_service_win.cc(665)] Failed to read DnsConfig.
[0602/140824:WARNING:dns_config_service_win.cc(665)] Failed to read DnsConfig.
[0602/140829:WARNING:dns_config_service_win.cc(665)] Failed to read DnsConfig.
[0602/140834:WARNING:dns_config_service_win.cc(665)] Failed to read DnsConfig.
[0602/140839:WARNING:dns_config_service_win.cc(665)] Failed to read DnsConfig.
[0602/140844:WARNING:dns_config_service_win.cc(665)] Failed to read DnsConfig.
[0602/140849:WARNING:dns_config_service_win.cc(665)] Failed to read DnsConfig.
[0602/140854:WARNING:dns_config_service_win.cc(665)] Failed to read DnsConfig.
[0602/140859:WARNING:dns_config_service_win.cc(665)] Failed to read DnsConfig.
[0602/140904:WARNING:dns_config_service_win.cc(665)] Failed to read DnsConfig.
[0602/140909:WARNING:dns_config_service_win.cc(665)] Failed to read DnsConfig.
[0602/140914:WARNING:dns_config_service_win.cc(665)] Failed to read DnsConfig.
[0602/140919:WARNING:dns_config_service_win.cc(665)] Failed to read DnsConfig.
[0602/140924:WARNING:dns_config_service_win.cc(665)] Failed to read DnsConfig.
[0602/140929:WARNING:dns_config_service_win.cc(665)] Failed to read DnsConfig.
[0602/140934:WARNING:dns_config_service_win.cc(665)] Failed to read DnsConfig.
[0602/140939:WARNING:dns_config_service_win.cc(665)] Failed to read DnsConfig.
[0602/140944:WARNING:dns_config_service_win.cc(665)] Failed to read DnsConfig.
[0602/140949:WARNING:dns_config_service_win.cc(665)] Failed to read DnsConfig.
[0602/140954:WARNING:dns_config_service_win.cc(665)] Failed to read DnsConfig.
[0602/140959:WARNING:dns_config_service_win.cc(665)] Failed to read DnsConfig.
[0602/141004:WARNING:dns_config_service_win.cc(665)] Failed to read DnsConfig.
[0602/141009:WARNING:dns_config_service_win.cc(665)] Failed to read DnsConfig.
[0602/141014:WARNING:dns_config_service_win.cc(665)] Failed to read DnsConfig.
[0602/141019:WARNING:dns_config_service_win.cc(665)] Failed to read DnsConfig.
[0602/141024:WARNING:dns_config_service_win.cc(665)] Failed to read DnsConfig.
[0602/141029:WARNING:dns_config_service_win.cc(665)] Failed to read DnsConfig.
[0602/141034:WARNING:dns_config_service_win.cc(665)] Failed to read DnsConfig.
[0602/141039:WARNING:dns_config_service_win.cc(665)] Failed to read DnsConfig.
[0602/141044:WARNING:dns_config_service_win.cc(665)] Failed to read DnsConfig.
[0602/141049:WARNING:dns_config_service_win.cc(665)] Failed to read DnsConfig.
[0602/141054:WARNING:dns_config_service_win.cc(665)] Failed to read DnsConfig.
[0602/141059:WARNING:dns_config_service_win.cc(665)] Failed to read DnsConfig.
[0602/141104:WARNING:dns_config_service_win.cc(665)] Failed to read DnsConfig.
[0602/141109:WARNING:dns_config_service_win.cc(665)] Failed to read DnsConfig.
[0602/141114:WARNING:dns_config_service_win.cc(665)] Failed to read DnsConfig.
[0602/141119:WARNING:dns_config_service_win.cc(665)] Failed to read DnsConfig.
[0602/141124:WARNING:dns_config_service_win.cc(665)] Failed to read DnsConfig.
[0602/141129:WARNING:dns_config_service_win.cc(665)] Failed to read DnsConfig.
[0602/141134:WARNING:dns_config_service_win.cc(665)] Failed to read DnsConfig.
[0602/141139:WARNING:dns_config_service_win.cc(665)] Failed to read DnsConfig.
[0602/141144:WARNING:dns_config_service_win.cc(665)] Failed to read DnsConfig.
[0602/141149:WARNING:dns_config_service_win.cc(665)] Failed to read DnsConfig.
[0602/141154:WARNING:dns_config_service_win.cc(665)] Failed to read DnsConfig.
[0602/141159:WARNING:dns_config_service_win.cc(665)] Failed to read DnsConfig.
[0602/141204:WARNING:dns_config_service_win.cc(665)] Failed to read DnsConfig.
[0602/141209:WARNING:dns_config_service_win.cc(665)] Failed to read DnsConfig.
[0602/141214:WARNING:dns_config_service_win.cc(665)] Failed to read DnsConfig.
[0602/141219:WARNING:dns_config_service_win.cc(665)] Failed to read DnsConfig.
[0602/141224:WARNING:dns_config_service_win.cc(665)] Failed to read DnsConfig.
[0602/141229:WARNING:dns_config_service_win.cc(665)] Failed to read DnsConfig.
[0602/141235:WARNING:dns_config_service_win.cc(665)] Failed to read DnsConfig.
[0602/141240:WARNING:dns_config_service_win.cc(665)] Failed to read DnsConfig.
[0602/141245:WARNING:dns_config_service_win.cc(665)] Failed to read DnsConfig.
[0602/141250:WARNING:dns_config_service_win.cc(665)] Failed to read DnsConfig.
[0602/141255:WARNING:dns_config_service_win.cc(665)] Failed to read DnsConfig.
[0602/141300:WARNING:dns_config_service_win.cc(665)] Failed to read DnsConfig.
[0602/141305:WARNING:dns_config_service_win.cc(665)] Failed to read DnsConfig.
[0602/141310:WARNING:dns_config_service_win.cc(665)] Failed to read DnsConfig.
[0602/141315:WARNING:dns_config_service_win.cc(665)] Failed to read DnsConfig.
[0602/141320:WARNING:dns_config_service_win.cc(665)] Failed to read DnsConfig.
[0602/141325:WARNING:dns_config_service_win.cc(665)] Failed to read DnsConfig.
[0602/141330:WARNING:dns_config_service_win.cc(665)] Failed to read DnsConfig.
[0602/141335:WARNING:dns_config_service_win.cc(665)] Failed to read DnsConfig.
[0602/141340:WARNING:dns_config_service_win.cc(665)] Failed to read DnsConfig.
[0602/141345:WARNING:dns_config_service_win.cc(665)] Failed to read DnsConfig.
[0602/141350:WARNING:dns_config_service_win.cc(665)] Failed to read DnsConfig.
[0602/141355:WARNING:dns_config_service_win.cc(665)] Failed to read DnsConfig.
[0602/141400:WARNING:dns_config_service_win.cc(665)] Failed to read DnsConfig.
[0602/141405:WARNING:dns_config_service_win.cc(665)] Failed to read DnsConfig.
[0602/141410:WARNING:dns_config_service_win.cc(665)] Failed to read DnsConfig.
[0602/141415:WARNING:dns_config_service_win.cc(665)] Failed to read DnsConfig.
[0602/141420:WARNING:dns_config_service_win.cc(665)] Failed to read DnsConfig.
[0602/141425:WARNING:dns_config_service_win.cc(665)] Failed to read DnsConfig.
[0602/141430:WARNING:dns_config_service_win.cc(665)] Failed to read DnsConfig.
[0602/141435:WARNING:dns_config_service_win.cc(665)] Failed to read DnsConfig.
[0602/141440:WARNING:dns_config_service_win.cc(665)] Failed to read DnsConfig.
[0602/141445:WARNING:dns_config_service_win.cc(665)] Failed to read DnsConfig.
[0602/141450:WARNING:dns_config_service_win.cc(665)] Failed to read DnsConfig.
[0602/141455:WARNING:dns_config_service_win.cc(665)] Failed to read DnsConfig.
[0602/141500:WARNING:dns_config_service_win.cc(665)] Failed to read DnsConfig.
[0602/141505:WARNING:dns_config_service_win.cc(665)] Failed to read DnsConfig.
[0602/141510:WARNING:dns_config_service_win.cc(665)] Failed to read DnsConfig.
[0602/141515:WARNING:dns_config_service_win.cc(665)] Failed to read DnsConfig.
[0602/141520:WARNING:dns_config_service_win.cc(665)] Failed to read DnsConfig.
[0602/141525:WARNING:dns_config_service_win.cc(665)] Failed to read DnsConfig.
[0602/141530:WARNING:dns_config_service_win.cc(665)] Failed to read DnsConfig.
[0602/141535:WARNING:dns_config_service_win.cc(665)] Failed to read DnsConfig.
[0602/141540:WARNING:dns_config_service_win.cc(665)] Failed to read DnsConfig.
[0602/141545:WARNING:dns_config_service_win.cc(665)] Failed to read DnsConfig.
[0602/141550:WARNING:dns_config_service_win.cc(665)] Failed to read DnsConfig.
[0602/141555:WARNING:dns_config_service_win.cc(665)] Failed to read DnsConfig.
[0602/141600:WARNING:dns_config_service_win.cc(665)] Failed to read DnsConfig.
[0602/141605:WARNING:dns_config_service_win.cc(665)] Failed to read DnsConfig.
[0602/141610:WARNING:dns_config_service_win.cc(665)] Failed to read DnsConfig.
[0602/141615:WARNING:dns_config_service_win.cc(665)] Failed to read DnsConfig.
[0602/141620:WARNING:dns_config_service_win.cc(665)] Failed to read DnsConfig.
[0602/141625:WARNING:dns_config_service_win.cc(665)] Failed to read DnsConfig.
[0602/141630:WARNING:dns_config_service_win.cc(665)] Failed to read DnsConfig.
[0602/141635:WARNING:dns_config_service_win.cc(665)] Failed to read DnsConfig.
[0602/141640:WARNING:dns_config_service_win.cc(665)] Failed to read DnsConfig.
[0602/141645:WARNING:dns_config_service_win.cc(665)] Failed to read DnsConfig.
[0602/141650:WARNING:dns_config_service_win.cc(665)] Failed to read DnsConfig.
[0602/141655:WARNING:dns_config_service_win.cc(665)] Failed to read DnsConfig.
[0602/141700:WARNING:dns_config_service_win.cc(665)] Failed to read DnsConfig.
[0602/141705:WARNING:dns_config_service_win.cc(665)] Failed to read DnsConfig.
[0602/141710:WARNING:dns_config_service_win.cc(665)] Failed to read DnsConfig.
[0602/141715:WARNING:dns_config_service_win.cc(665)] Failed to read DnsConfig.
[0602/141720:WARNING:dns_config_service_win.cc(665)] Failed to read DnsConfig.
[0602/141725:WARNING:dns_config_service_win.cc(665)] Failed to read DnsConfig.
[0602/141730:WARNING:dns_config_service_win.cc(665)] Failed to read DnsConfig.
[0602/141735:WARNING:dns_config_service_win.cc(665)] Failed to read DnsConfig.
[0602/141740:WARNING:dns_config_service_win.cc(665)] Failed to read DnsConfig.
[0602/141745:WARNING:dns_config_service_win.cc(665)] Failed to read DnsConfig.
[0602/141750:WARNING:dns_config_service_win.cc(665)] Failed to read DnsConfig.
[0602/141755:WARNING:dns_config_service_win.cc(665)] Failed to read DnsConfig.
[0602/141800:WARNING:dns_config_service_win.cc(665)] Failed to read DnsConfig.
[0602/141805:WARNING:dns_config_service_win.cc(665)] Failed to read DnsConfig.
[0602/141810:WARNING:dns_config_service_win.cc(665)] Failed to read DnsConfig.
[0602/141815:WARNING:dns_config_service_win.cc(665)] Failed to read DnsConfig.
[0602/141820:WARNING:dns_config_service_win.cc(665)] Failed to read DnsConfig.
[0602/141825:WARNING:dns_config_service_win.cc(665)] Failed to read DnsConfig.
[0602/141830:WARNING:dns_config_service_win.cc(665)] Failed to read DnsConfig.
[0602/141835:WARNING:dns_config_service_win.cc(665)] Failed to read DnsConfig.
[0602/141840:WARNING:dns_config_service_win.cc(665)] Failed to read DnsConfig.
[0602/141845:WARNING:dns_config_service_win.cc(665)] Failed to read DnsConfig.
[0602/141850:WARNING:dns_config_service_win.cc(665)] Failed to read DnsConfig.
[0602/141855:WARNING:dns_config_service_win.cc(665)] Failed to read DnsConfig.
[0602/141900:WARNING:dns_config_service_win.cc(665)] Failed to read DnsConfig.
[0602/141905:WARNING:dns_config_service_win.cc(665)] Failed to read DnsConfig.
[0602/141910:WARNING:dns_config_service_win.cc(665)] Failed to read DnsConfig.
[0602/141915:WARNING:dns_config_service_win.cc(665)] Failed to read DnsConfig.
[0602/141920:WARNING:dns_config_service_win.cc(665)] Failed to read DnsConfig.
[0602/141925:WARNING:dns_config_service_win.cc(665)] Failed to read DnsConfig.
[0602/141930:WARNING:dns_config_service_win.cc(665)] Failed to read DnsConfig.
[0602/141935:WARNING:dns_config_service_win.cc(665)] Failed to read DnsConfig.
[0602/141940:WARNING:dns_config_service_win.cc(665)] Failed to read DnsConfig.
[0602/141945:WARNING:dns_config_service_win.cc(665)] Failed to read DnsConfig.
[0602/141950:WARNING:dns_config_service_win.cc(665)] Failed to read DnsConfig.
[0602/141955:WARNING:dns_config_service_win.cc(665)] Failed to read DnsConfig.
[0602/142000:WARNING:dns_config_service_win.cc(665)] Failed to read DnsConfig.
[0602/142005:WARNING:dns_config_service_win.cc(665)] Failed to read DnsConfig.
[0602/142010:WARNING:dns_config_service_win.cc(665)] Failed to read DnsConfig.
[0602/142015:WARNING:dns_config_service_win.cc(665)] Failed to read DnsConfig.
[0602/142020:WARNING:dns_config_service_win.cc(665)] Failed to read DnsConfig.
[0602/142025:WARNING:dns_config_service_win.cc(665)] Failed to read DnsConfig.
[0602/142030:WARNING:dns_config_service_win.cc(665)] Failed to read DnsConfig.
[0602/142035:WARNING:dns_config_service_win.cc(665)] Failed to read DnsConfig.
[0602/142040:WARNING:dns_config_service_win.cc(665)] Failed to read DnsConfig.
[0602/142045:WARNING:dns_config_service_win.cc(665)] Failed to read DnsConfig.
[0602/142050:WARNING:dns_config_service_win.cc(665)] Failed to read DnsConfig.
[0602/142055:WARNING:dns_config_service_win.cc(665)] Failed to read DnsConfig.
[0602/142100:WARNING:dns_config_service_win.cc(665)] Failed to read DnsConfig.
[0602/142105:WARNING:dns_config_service_win.cc(665)] Failed to read DnsConfig.
[0602/142110:WARNING:dns_config_service_win.cc(665)] Failed to read DnsConfig.
[0602/142115:WARNING:dns_config_service_win.cc(665)] Failed to read DnsConfig.
[0602/142120:WARNING:dns_config_service_win.cc(665)] Failed to read DnsConfig.
[0602/142125:WARNING:dns_config_service_win.cc(665)] Failed to read DnsConfig.
[0602/142130:WARNING:dns_config_service_win.cc(665)] Failed to read DnsConfig.
[0602/142135:WARNING:dns_config_service_win.cc(665)] Failed to read DnsConfig.
[0602/142140:WARNING:dns_config_service_win.cc(665)] Failed to read DnsConfig.
[0602/142145:WARNING:dns_config_service_win.cc(665)] Failed to read DnsConfig.
[0602/142151:WARNING:dns_config_service_win.cc(665)] Failed to read DnsConfig.
[0602/142156:WARNING:dns_config_service_win.cc(665)] Failed to read DnsConfig.
[0602/142201:WARNING:dns_config_service_win.cc(665)] Failed to read DnsConfig.
[0602/142206:WARNING:dns_config_service_win.cc(665)] Failed to read DnsConfig.
[0602/142211:WARNING:dns_config_service_win.cc(665)] Failed to read DnsConfig.
[0602/142216:WARNING:dns_config_service_win.cc(665)] Failed to read DnsConfig.
[0602/142221:WARNING:dns_config_service_win.cc(665)] Failed to read DnsConfig.
[0602/142226:WARNING:dns_config_service_win.cc(665)] Failed to read DnsConfig.
[0602/142231:WARNING:dns_config_service_win.cc(665)] Failed to read DnsConfig.
[0602/142236:WARNING:dns_config_service_win.cc(665)] Failed to read DnsConfig.
[0602/142241:WARNING:dns_config_service_win.cc(665)] Failed to read DnsConfig.
[0602/142246:WARNING:dns_config_service_win.cc(665)] Failed to read DnsConfig.
[0602/142251:WARNING:dns_config_service_win.cc(665)] Failed to read DnsConfig.
[0602/142256:WARNING:dns_config_service_win.cc(665)] Failed to read DnsConfig.
[0602/142301:WARNING:dns_config_service_win.cc(665)] Failed to read DnsConfig.
[0602/142306:WARNING:dns_config_service_win.cc(665)] Failed to read DnsConfig.
[0602/142311:WARNING:dns_config_service_win.cc(665)] Failed to read DnsConfig.
[0602/142316:WARNING:dns_config_service_win.cc(665)] Failed to read DnsConfig.
[0602/142321:WARNING:dns_config_service_win.cc(665)] Failed to read DnsConfig.
[0602/142326:WARNING:dns_config_service_win.cc(665)] Failed to read DnsConfig.
[0602/142331:WARNING:dns_config_service_win.cc(665)] Failed to read DnsConfig.
[0602/142336:WARNING:dns_config_service_win.cc(665)] Failed to read DnsConfig.
[0602/142341:WARNING:dns_config_service_win.cc(665)] Failed to read DnsConfig.
[0602/142346:WARNING:dns_config_service_win.cc(665)] Failed to read DnsConfig.
[0602/142351:WARNING:dns_config_service_win.cc(665)] Failed to read DnsConfig.
[0602/142356:WARNING:dns_config_service_win.cc(665)] Failed to read DnsConfig.
[0602/142401:WARNING:dns_config_service_win.cc(665)] Failed to read DnsConfig.
[0602/142406:WARNING:dns_config_service_win.cc(665)] Failed to read DnsConfig.
[0602/142411:WARNING:dns_config_service_win.cc(665)] Failed to read DnsConfig.
[0602/142416:WARNING:dns_config_service_win.cc(665)] Failed to read DnsConfig.
[0602/142421:WARNING:dns_config_service_win.cc(665)] Failed to read DnsConfig.
[0602/142426:WARNING:dns_config_service_win.cc(665)] Failed to read DnsConfig.
[0602/142431:WARNING:dns_config_service_win.cc(665)] Failed to read DnsConfig.
[0602/142436:WARNING:dns_config_service_win.cc(665)] Failed to read DnsConfig.
[0602/142441:WARNING:dns_config_service_win.cc(665)] Failed to read DnsConfig.
[0602/142446:WARNING:dns_config_service_win.cc(665)] Failed to read DnsConfig.
[0602/142451:WARNING:dns_config_service_win.cc(665)] Failed to read DnsConfig.
[0602/142456:WARNING:dns_config_service_win.cc(665)] Failed to read DnsConfig.
[0602/142501:WARNING:dns_config_service_win.cc(665)] Failed to read DnsConfig.
[0602/142506:WARNING:dns_config_service_win.cc(665)] Failed to read DnsConfig.
[0602/142511:WARNING:dns_config_service_win.cc(665)] Failed to read DnsConfig.
[0602/142516:WARNING:dns_config_service_win.cc(665)] Failed to read DnsConfig.
[0602/142521:WARNING:dns_config_service_win.cc(665)] Failed to read DnsConfig.
[0602/142526:WARNING:dns_config_service_win.cc(665)] Failed to read DnsConfig.
[0602/142531:WARNING:dns_config_service_win.cc(665)] Failed to read DnsConfig.
[0602/142536:WARNING:dns_config_service_win.cc(665)] Failed to read DnsConfig.
[0602/142541:WARNING:dns_config_service_win.cc(665)] Failed to read DnsConfig.
[0602/142546:WARNING:dns_config_service_win.cc(665)] Failed to read DnsConfig.
[0602/142551:WARNING:dns_config_service_win.cc(665)] Failed to read DnsConfig.
[0602/142556:WARNING:dns_config_service_win.cc(665)] Failed to read DnsConfig.
[0602/142601:WARNING:dns_config_service_win.cc(665)] Failed to read DnsConfig.
[0602/142606:WARNING:dns_config_service_win.cc(665)] Failed to read DnsConfig.
[0602/142611:WARNING:dns_config_service_win.cc(665)] Failed to read DnsConfig.
[0602/142616:WARNING:dns_config_service_win.cc(665)] Failed to read DnsConfig.
[0602/142621:WARNING:dns_config_service_win.cc(665)] Failed to read DnsConfig.
[0602/142626:WARNING:dns_config_service_win.cc(665)] Failed to read DnsConfig.
[0602/142631:WARNING:dns_config_service_win.cc(665)] Failed to read DnsConfig.
[0602/142636:WARNING:dns_config_service_win.cc(665)] Failed to read DnsConfig.
[0602/142641:WARNING:dns_config_service_win.cc(665)] Failed to read DnsConfig.
[0602/142646:WARNING:dns_config_service_win.cc(665)] Failed to read DnsConfig.
[0602/142651:WARNING:dns_config_service_win.cc(665)] Failed to read DnsConfig.
[0602/142656:WARNING:dns_config_service_win.cc(665)] Failed to read DnsConfig.
[0602/142701:WARNING:dns_config_service_win.cc(665)] Failed to read DnsConfig.
[0602/142706:WARNING:dns_config_service_win.cc(665)] Failed to read DnsConfig.
[0602/142711:WARNING:dns_config_service_win.cc(665)] Failed to read DnsConfig.
[0602/142716:WARNING:dns_config_service_win.cc(665)] Failed to read DnsConfig.
[0602/142721:WARNING:dns_config_service_win.cc(665)] Failed to read DnsConfig.
[0602/142726:WARNING:dns_config_service_win.cc(665)] Failed to read DnsConfig.
[0602/142731:WARNING:dns_config_service_win.cc(665)] Failed to read DnsConfig.
[0602/142736:WARNING:dns_config_service_win.cc(665)] Failed to read DnsConfig.
[0602/142741:WARNING:dns_config_service_win.cc(665)] Failed to read DnsConfig.
[0602/142746:WARNING:dns_config_service_win.cc(665)] Failed to read DnsConfig.
[0602/142751:WARNING:dns_config_service_win.cc(665)] Failed to read DnsConfig.
[0602/142757:WARNING:dns_config_service_win.cc(665)] Failed to read DnsConfig.
[0602/142802:WARNING:dns_config_service_win.cc(665)] Failed to read DnsConfig.
[0602/142807:WARNING:dns_config_service_win.cc(665)] Failed to read DnsConfig.
[0602/142812:WARNING:dns_config_service_win.cc(665)] Failed to read DnsConfig.
[0602/142817:WARNING:dns_config_service_win.cc(665)] Failed to read DnsConfig.
[0602/142822:WARNING:dns_config_service_win.cc(665)] Failed to read DnsConfig.
[0602/142827:WARNING:dns_config_service_win.cc(665)] Failed to read DnsConfig.
[0602/142832:WARNING:dns_config_service_win.cc(665)] Failed to read DnsConfig.
[0602/142837:WARNING:dns_config_service_win.cc(665)] Failed to read DnsConfig.
[0602/142842:WARNING:dns_config_service_win.cc(665)] Failed to read DnsConfig.
[0602/142847:WARNING:dns_config_service_win.cc(665)] Failed to read DnsConfig.
[0602/142852:WARNING:dns_config_service_win.cc(665)] Failed to read DnsConfig.
[0602/142857:WARNING:dns_config_service_win.cc(665)] Failed to read DnsConfig.
[0602/142902:WARNING:dns_config_service_win.cc(665)] Failed to read DnsConfig.
[0602/142907:WARNING:dns_config_service_win.cc(665)] Failed to read DnsConfig.
[0602/142912:WARNING:dns_config_service_win.cc(665)] Failed to read DnsConfig.
[0602/142917:WARNING:dns_config_service_win.cc(665)] Failed to read DnsConfig.
[0602/142922:WARNING:dns_config_service_win.cc(665)] Failed to read DnsConfig.
[0602/142927:WARNING:dns_config_service_win.cc(665)] Failed to read DnsConfig.
[0602/142932:WARNING:dns_config_service_win.cc(665)] Failed to read DnsConfig.
[0602/142937:WARNING:dns_config_service_win.cc(665)] Failed to read DnsConfig.
[0602/142942:WARNING:dns_config_service_win.cc(665)] Failed to read DnsConfig.
[0602/142947:WARNING:dns_config_service_win.cc(665)] Failed to read DnsConfig.
[0602/142952:WARNING:dns_config_service_win.cc(665)] Failed to read DnsConfig.
[0602/142957:WARNING:dns_config_service_win.cc(665)] Failed to read DnsConfig.
[0602/143002:WARNING:dns_config_service_win.cc(665)] Failed to read DnsConfig.
[0602/143007:WARNING:dns_config_service_win.cc(665)] Failed to read DnsConfig.
[0602/143012:WARNING:dns_config_service_win.cc(665)] Failed to read DnsConfig.
[0602/143017:WARNING:dns_config_service_win.cc(665)] Failed to read DnsConfig.
[0602/143022:WARNING:dns_config_service_win.cc(665)] Failed to read DnsConfig.
[0602/143027:WARNING:dns_config_service_win.cc(665)] Failed to read DnsConfig.
[0602/143032:WARNING:dns_config_service_win.cc(665)] Failed to read DnsConfig.
[0602/143037:WARNING:dns_config_service_win.cc(665)] Failed to read DnsConfig.
[0602/143042:WARNING:dns_config_service_win.cc(665)] Failed to read DnsConfig.
[0602/143047:WARNING:dns_config_service_win.cc(665)] Failed to read DnsConfig.
[0602/143052:WARNING:dns_config_service_win.cc(665)] Failed to read DnsConfig.
[0602/143057:WARNING:dns_config_service_win.cc(665)] Failed to read DnsConfig.
[0602/143102:WARNING:dns_config_service_win.cc(665)] Failed to read DnsConfig.
[0602/143107:WARNING:dns_config_service_win.cc(665)] Failed to read DnsConfig.
[0602/143112:WARNING:dns_config_service_win.cc(665)] Failed to read DnsConfig.
[0602/143117:WARNING:dns_config_service_win.cc(665)] Failed to read DnsConfig.
[0602/143122:WARNING:dns_config_service_win.cc(665)] Failed to read DnsConfig.
[0602/143127:WARNING:dns_config_service_win.cc(665)] Failed to read DnsConfig.
[0602/143132:WARNING:dns_config_service_win.cc(665)] Failed to read DnsConfig.
[0602/143137:WARNING:dns_config_service_win.cc(665)] Failed to read DnsConfig.
[0602/143142:WARNING:dns_config_service_win.cc(665)] Failed to read DnsConfig.
[0602/143147:WARNING:dns_config_service_win.cc(665)] Failed to read DnsConfig.
[0602/143152:WARNING:dns_config_service_win.cc(665)] Failed to read DnsConfig.
[0602/143157:WARNING:dns_config_service_win.cc(665)] Failed to read DnsConfig.
[0602/143202:WARNING:dns_config_service_win.cc(665)] Failed to read DnsConfig.
[0602/143207:WARNING:dns_config_service_win.cc(665)] Failed to read DnsConfig.
[0602/143212:WARNING:dns_config_service_win.cc(665)] Failed to read DnsConfig.
[0602/143217:WARNING:dns_config_service_win.cc(665)] Failed to read DnsConfig.
[0602/143222:WARNING:dns_config_service_win.cc(665)] Failed to read DnsConfig.
[0602/143227:WARNING:dns_config_service_win.cc(665)] Failed to read DnsConfig.
[0602/143232:WARNING:dns_config_service_win.cc(665)] Failed to read DnsConfig.
[0602/143237:WARNING:dns_config_service_win.cc(665)] Failed to read DnsConfig.
[0602/143242:WARNING:dns_config_service_win.cc(665)] Failed to read DnsConfig.
[0610/131915:WARNING:dns_config_service_win.cc(665)] Failed to read DnsConfig.
[0610/131920:WARNING:dns_config_service_win.cc(665)] Failed to read DnsConfig.
[0610/131925:WARNING:dns_config_service_win.cc(665)] Failed to read DnsConfig.
[0610/131930:WARNING:dns_config_service_win.cc(665)] Failed to read DnsConfig.
[0610/131935:WARNING:dns_config_service_win.cc(665)] Failed to read DnsConfig.
[0610/131940:WARNING:dns_config_service_win.cc(665)] Failed to read DnsConfig.
[0610/131945:WARNING:dns_config_service_win.cc(665)] Failed to read DnsConfig.
[0610/131950:WARNING:dns_config_service_win.cc(665)] Failed to read DnsConfig.
[0610/131955:WARNING:dns_config_service_win.cc(665)] Failed to read DnsConfig.
[0610/132000:WARNING:dns_config_service_win.cc(665)] Failed to read DnsConfig.
[0610/132005:WARNING:dns_config_service_win.cc(665)] Failed to read DnsConfig.
[0610/132010:WARNING:dns_config_service_win.cc(665)] Failed to read DnsConfig.
[0610/132015:WARNING:dns_config_service_win.cc(665)] Failed to read DnsConfig.
[0610/132020:WARNING:dns_config_service_win.cc(665)] Failed to read DnsConfig.
[0610/132025:WARNING:dns_config_service_win.cc(665)] Failed to read DnsConfig.
[0610/132030:WARNING:dns_config_service_win.cc(665)] Failed to read DnsConfig.
[0610/132035:WARNING:dns_config_service_win.cc(665)] Failed to read DnsConfig.
[0610/132040:WARNING:dns_config_service_win.cc(665)] Failed to read DnsConfig.
[0610/132045:WARNING:dns_config_service_win.cc(665)] Failed to read DnsConfig.
[0610/132050:WARNING:dns_config_service_win.cc(665)] Failed to read DnsConfig.
[0610/132055:WARNING:dns_config_service_win.cc(665)] Failed to read DnsConfig.
[0610/132100:WARNING:dns_config_service_win.cc(665)] Failed to read DnsConfig.
[0610/132105:WARNING:dns_config_service_win.cc(665)] Failed to read DnsConfig.
[0610/132110:WARNING:dns_config_service_win.cc(665)] Failed to read DnsConfig.
[0610/132115:WARNING:dns_config_service_win.cc(665)] Failed to read DnsConfig.
[0610/132120:WARNING:dns_config_service_win.cc(665)] Failed to read DnsConfig.
[0610/132125:WARNING:dns_config_service_win.cc(665)] Failed to read DnsConfig.
[0610/132130:WARNING:dns_config_service_win.cc(665)] Failed to read DnsConfig.
[0610/132135:WARNING:dns_config_service_win.cc(665)] Failed to read DnsConfig.
[0610/132140:WARNING:dns_config_service_win.cc(665)] Failed to read DnsConfig.
[0610/132145:WARNING:dns_config_service_win.cc(665)] Failed to read DnsConfig.
[0610/132150:WARNING:dns_config_service_win.cc(665)] Failed to read DnsConfig.
[0610/132155:WARNING:dns_config_service_win.cc(665)] Failed to read DnsConfig.
[0610/132200:WARNING:dns_config_service_win.cc(665)] Failed to read DnsConfig.
[0610/132205:WARNING:dns_config_service_win.cc(665)] Failed to read DnsConfig.
[0610/132210:WARNING:dns_config_service_win.cc(665)] Failed to read DnsConfig.
[0610/132215:WARNING:dns_config_service_win.cc(665)] Failed to read DnsConfig.
[0610/132220:WARNING:dns_config_service_win.cc(665)] Failed to read DnsConfig.
[0610/132225:WARNING:dns_config_service_win.cc(665)] Failed to read DnsConfig.
[0610/132230:WARNING:dns_config_service_win.cc(665)] Failed to read DnsConfig.
[0610/132235:WARNING:dns_config_service_win.cc(665)] Failed to read DnsConfig.
[0610/132240:WARNING:dns_config_service_win.cc(665)] Failed to read DnsConfig.
[0610/132245:WARNING:dns_config_service_win.cc(665)] Failed to read DnsConfig.
[0610/132250:WARNING:dns_config_service_win.cc(665)] Failed to read DnsConfig.
[0610/132255:WARNING:dns_config_service_win.cc(665)] Failed to read DnsConfig.
[0610/132300:WARNING:dns_config_service_win.cc(665)] Failed to read DnsConfig.
[0610/132306:WARNING:dns_config_service_win.cc(665)] Failed to read DnsConfig.
[0610/132311:WARNING:dns_config_service_win.cc(665)] Failed to read DnsConfig.
[0610/132316:WARNING:dns_config_service_win.cc(665)] Failed to read DnsConfig.
[0610/132321:WARNING:dns_config_service_win.cc(665)] Failed to read DnsConfig.
[0610/132326:WARNING:dns_config_service_win.cc(665)] Failed to read DnsConfig.
[0610/132331:WARNING:dns_config_service_win.cc(665)] Failed to read DnsConfig.
[0610/132336:WARNING:dns_config_service_win.cc(665)] Failed to read DnsConfig.
[0610/132341:WARNING:dns_config_service_win.cc(665)] Failed to read DnsConfig.
[0610/132346:WARNING:dns_config_service_win.cc(665)] Failed to read DnsConfig.
[0610/132351:WARNING:dns_config_service_win.cc(665)] Failed to read DnsConfig.
[0610/132356:WARNING:dns_config_service_win.cc(665)] Failed to read DnsConfig.
[0610/132401:WARNING:dns_config_service_win.cc(665)] Failed to read DnsConfig.
[0610/132406:WARNING:dns_config_service_win.cc(665)] Failed to read DnsConfig.
[0610/132411:WARNING:dns_config_service_win.cc(665)] Failed to read DnsConfig.
[0610/132416:WARNING:dns_config_service_win.cc(665)] Failed to read DnsConfig.
[0610/132421:WARNING:dns_config_service_win.cc(665)] Failed to read DnsConfig.
[0610/132426:WARNING:dns_config_service_win.cc(665)] Failed to read DnsConfig.
[0610/132431:WARNING:dns_config_service_win.cc(665)] Failed to read DnsConfig.
[0610/132436:WARNING:dns_config_service_win.cc(665)] Failed to read DnsConfig.
[0610/132441:WARNING:dns_config_service_win.cc(665)] Failed to read DnsConfig.
[0610/132446:WARNING:dns_config_service_win.cc(665)] Failed to read DnsConfig.
[0610/132451:WARNING:dns_config_service_win.cc(665)] Failed to read DnsConfig.
[0610/132456:WARNING:dns_config_service_win.cc(665)] Failed to read DnsConfig.
[0610/132501:WARNING:dns_config_service_win.cc(665)] Failed to read DnsConfig.
[0610/132506:WARNING:dns_config_service_win.cc(665)] Failed to read DnsConfig.
[0610/132511:WARNING:dns_config_service_win.cc(665)] Failed to read DnsConfig.
[0610/132516:WARNING:dns_config_service_win.cc(665)] Failed to read DnsConfig.
[0610/132521:WARNING:dns_config_service_win.cc(665)] Failed to read DnsConfig.
[0610/132526:WARNING:dns_config_service_win.cc(665)] Failed to read DnsConfig.
[0610/132531:WARNING:dns_config_service_win.cc(665)] Failed to read DnsConfig.
[0610/132536:WARNING:dns_config_service_win.cc(665)] Failed to read DnsConfig.
[0610/132541:WARNING:dns_config_service_win.cc(665)] Failed to read DnsConfig.
[0610/132546:WARNING:dns_config_service_win.cc(665)] Failed to read DnsConfig.
[0610/132551:WARNING:dns_config_service_win.cc(665)] Failed to read DnsConfig.
[0610/132556:WARNING:dns_config_service_win.cc(665)] Failed to read DnsConfig.
[0610/132601:WARNING:dns_config_service_win.cc(665)] Failed to read DnsConfig.
[0610/132606:WARNING:dns_config_service_win.cc(665)] Failed to read DnsConfig.
[0610/132611:WARNING:dns_config_service_win.cc(665)] Failed to read DnsConfig.
[0610/132616:WARNING:dns_config_service_win.cc(665)] Failed to read DnsConfig.
[0610/132621:WARNING:dns_config_service_win.cc(665)] Failed to read DnsConfig.
[0610/132626:WARNING:dns_config_service_win.cc(665)] Failed to read DnsConfig.
[0610/132631:WARNING:dns_config_service_win.cc(665)] Failed to read DnsConfig.
[0610/132636:WARNING:dns_config_service_win.cc(665)] Failed to read DnsConfig.
[0610/132641:WARNING:dns_config_service_win.cc(665)] Failed to read DnsConfig.
[0610/132646:WARNING:dns_config_service_win.cc(665)] Failed to read DnsConfig.
[0610/132651:WARNING:dns_config_service_win.cc(665)] Failed to read DnsConfig.
[0610/132656:WARNING:dns_config_service_win.cc(665)] Failed to read DnsConfig.
[0610/132701:WARNING:dns_config_service_win.cc(665)] Failed to read DnsConfig.
[0610/132706:WARNING:dns_config_service_win.cc(665)] Failed to read DnsConfig.
[0610/132711:WARNING:dns_config_service_win.cc(665)] Failed to read DnsConfig.
[0610/132716:WARNING:dns_config_service_win.cc(665)] Failed to read DnsConfig.
[0610/132721:WARNING:dns_config_service_win.cc(665)] Failed to read DnsConfig.
[0610/132726:WARNING:dns_config_service_win.cc(665)] Failed to read DnsConfig.
[0610/132731:WARNING:dns_config_service_win.cc(665)] Failed to read DnsConfig.
[0610/132736:WARNING:dns_config_service_win.cc(665)] Failed to read DnsConfig.
[0610/132741:WARNING:dns_config_service_win.cc(665)] Failed to read DnsConfig.
[0610/132746:WARNING:dns_config_service_win.cc(665)] Failed to read DnsConfig.
[0610/132751:WARNING:dns_config_service_win.cc(665)] Failed to read DnsConfig.
[0610/132756:WARNING:dns_config_service_win.cc(665)] Failed to read DnsConfig.
[0610/132801:WARNING:dns_config_service_win.cc(665)] Failed to read DnsConfig.
[0610/132806:WARNING:dns_config_service_win.cc(665)] Failed to read DnsConfig.
[0610/132811:WARNING:dns_config_service_win.cc(665)] Failed to read DnsConfig.
[0610/132816:WARNING:dns_config_service_win.cc(665)] Failed to read DnsConfig.
[0610/132821:WARNING:dns_config_service_win.cc(665)] Failed to read DnsConfig.
[0610/132826:WARNING:dns_config_service_win.cc(665)] Failed to read DnsConfig.
[0610/132831:WARNING:dns_config_service_win.cc(665)] Failed to read DnsConfig.
[0610/132836:WARNING:dns_config_service_win.cc(665)] Failed to read DnsConfig.
[0610/132841:WARNING:dns_config_service_win.cc(665)] Failed to read DnsConfig.
[0610/132846:WARNING:dns_config_service_win.cc(665)] Failed to read DnsConfig.
[0610/132851:WARNING:dns_config_service_win.cc(665)] Failed to read DnsConfig.
[0610/132856:WARNING:dns_config_service_win.cc(665)] Failed to read DnsConfig.
[0610/132901:WARNING:dns_config_service_win.cc(665)] Failed to read DnsConfig.
[0610/132906:WARNING:dns_config_service_win.cc(665)] Failed to read DnsConfig.
[0610/132911:WARNING:dns_config_service_win.cc(665)] Failed to read DnsConfig.
[0610/132916:WARNING:dns_config_service_win.cc(665)] Failed to read DnsConfig.
[0610/132921:WARNING:dns_config_service_win.cc(665)] Failed to read DnsConfig.
[0610/132926:WARNING:dns_config_service_win.cc(665)] Failed to read DnsConfig.
[0610/132931:WARNING:dns_config_service_win.cc(665)] Failed to read DnsConfig.
[0610/132936:WARNING:dns_config_service_win.cc(665)] Failed to read DnsConfig.
[0610/132941:WARNING:dns_config_service_win.cc(665)] Failed to read DnsConfig.
[0610/132946:WARNING:dns_config_service_win.cc(665)] Failed to read DnsConfig.
[0610/132951:WARNING:dns_config_service_win.cc(665)] Failed to read DnsConfig.
[0610/132956:WARNING:dns_config_service_win.cc(665)] Failed to read DnsConfig.
[0610/133001:WARNING:dns_config_service_win.cc(665)] Failed to read DnsConfig.
[0610/133006:WARNING:dns_config_service_win.cc(665)] Failed to read DnsConfig.
[0610/133011:WARNING:dns_config_service_win.cc(665)] Failed to read DnsConfig.
[0610/133016:WARNING:dns_config_service_win.cc(665)] Failed to read DnsConfig.
[0610/133021:WARNING:dns_config_service_win.cc(665)] Failed to read DnsConfig.
[0610/133026:WARNING:dns_config_service_win.cc(665)] Failed to read DnsConfig.
[0610/133031:WARNING:dns_config_service_win.cc(665)] Failed to read DnsConfig.
[0610/133036:WARNING:dns_config_service_win.cc(665)] Failed to read DnsConfig.
[0610/133041:WARNING:dns_config_service_win.cc(665)] Failed to read DnsConfig.
[0610/133046:WARNING:dns_config_service_win.cc(665)] Failed to read DnsConfig.
[0610/133051:WARNING:dns_config_service_win.cc(665)] Failed to read DnsConfig.
[0610/133056:WARNING:dns_config_service_win.cc(665)] Failed to read DnsConfig.
[0610/133101:WARNING:dns_config_service_win.cc(665)] Failed to read DnsConfig.
[0610/133106:WARNING:dns_config_service_win.cc(665)] Failed to read DnsConfig.
[0610/133111:WARNING:dns_config_service_win.cc(665)] Failed to read DnsConfig.
[0610/133116:WARNING:dns_config_service_win.cc(665)] Failed to read DnsConfig.
[0610/133121:WARNING:dns_config_service_win.cc(665)] Failed to read DnsConfig.
[0610/133126:WARNING:dns_config_service_win.cc(665)] Failed to read DnsConfig.
[0610/133131:WARNING:dns_config_service_win.cc(665)] Failed to read DnsConfig.
[0610/133136:WARNING:dns_config_service_win.cc(665)] Failed to read DnsConfig.
[0610/133141:WARNING:dns_config_service_win.cc(665)] Failed to read DnsConfig.
[0610/133146:WARNING:dns_config_service_win.cc(665)] Failed to read DnsConfig.
[0610/133151:WARNING:dns_config_service_win.cc(665)] Failed to read DnsConfig.
[0610/133157:WARNING:dns_config_service_win.cc(665)] Failed to read DnsConfig.
[0610/133202:WARNING:dns_config_service_win.cc(665)] Failed to read DnsConfig.
[0610/133207:WARNING:dns_config_service_win.cc(665)] Failed to read DnsConfig.
[0610/133212:WARNING:dns_config_service_win.cc(665)] Failed to read DnsConfig.
[0610/133217:WARNING:dns_config_service_win.cc(665)] Failed to read DnsConfig.
[0610/133222:WARNING:dns_config_service_win.cc(665)] Failed to read DnsConfig.
[0610/133227:WARNING:dns_config_service_win.cc(665)] Failed to read DnsConfig.
[0610/133232:WARNING:dns_config_service_win.cc(665)] Failed to read DnsConfig.
[0610/133237:WARNING:dns_config_service_win.cc(665)] Failed to read DnsConfig.
[0610/133242:WARNING:dns_config_service_win.cc(665)] Failed to read DnsConfig.
[0610/133247:WARNING:dns_config_service_win.cc(665)] Failed to read DnsConfig.
[0610/133252:WARNING:dns_config_service_win.cc(665)] Failed to read DnsConfig.
[0610/133257:WARNING:dns_config_service_win.cc(665)] Failed to read DnsConfig.
[0610/133302:WARNING:dns_config_service_win.cc(665)] Failed to read DnsConfig.
[0610/133307:WARNING:dns_config_service_win.cc(665)] Failed to read DnsConfig.
[0610/133312:WARNING:dns_config_service_win.cc(665)] Failed to read DnsConfig.
[0610/133317:WARNING:dns_config_service_win.cc(665)] Failed to read DnsConfig.
[0610/133322:WARNING:dns_config_service_win.cc(665)] Failed to read DnsConfig.
[0610/133327:WARNING:dns_config_service_win.cc(665)] Failed to read DnsConfig.
[0610/133332:WARNING:dns_config_service_win.cc(665)] Failed to read DnsConfig.
[0610/133337:WARNING:dns_config_service_win.cc(665)] Failed to read DnsConfig.
[0610/133342:WARNING:dns_config_service_win.cc(665)] Failed to read DnsConfig.
[0610/133347:WARNING:dns_config_service_win.cc(665)] Failed to read DnsConfig.
[0610/133352:WARNING:dns_config_service_win.cc(665)] Failed to read DnsConfig.
[0610/133357:WARNING:dns_config_service_win.cc(665)] Failed to read DnsConfig.
[0610/133402:WARNING:dns_config_service_win.cc(665)] Failed to read DnsConfig.
[0610/133407:WARNING:dns_config_service_win.cc(665)] Failed to read DnsConfig.
[0610/133412:WARNING:dns_config_service_win.cc(665)] Failed to read DnsConfig.
[0610/133417:WARNING:dns_config_service_win.cc(665)] Failed to read DnsConfig.
[0610/133422:WARNING:dns_config_service_win.cc(665)] Failed to read DnsConfig.
[0610/133427:WARNING:dns_config_service_win.cc(665)] Failed to read DnsConfig.
[0610/133432:WARNING:dns_config_service_win.cc(665)] Failed to read DnsConfig.
[0610/133437:WARNING:dns_config_service_win.cc(665)] Failed to read DnsConfig.
[0610/133442:WARNING:dns_config_service_win.cc(665)] Failed to read DnsConfig.
[0610/133447:WARNING:dns_config_service_win.cc(665)] Failed to read DnsConfig.
[0610/133452:WARNING:dns_config_service_win.cc(665)] Failed to read DnsConfig.
[0610/133457:WARNING:dns_config_service_win.cc(665)] Failed to read DnsConfig.
[0610/133502:WARNING:dns_config_service_win.cc(665)] Failed to read DnsConfig.
[0610/133507:WARNING:dns_config_service_win.cc(665)] Failed to read DnsConfig.
[0610/133512:WARNING:dns_config_service_win.cc(665)] Failed to read DnsConfig.
[0610/133517:WARNING:dns_config_service_win.cc(665)] Failed to read DnsConfig.
[0610/133522:WARNING:dns_config_service_win.cc(665)] Failed to read DnsConfig.
[0610/133527:WARNING:dns_config_service_win.cc(665)] Failed to read DnsConfig.
[0610/133532:WARNING:dns_config_service_win.cc(665)] Failed to read DnsConfig.
[0610/133537:WARNING:dns_config_service_win.cc(665)] Failed to read DnsConfig.
[0610/133542:WARNING:dns_config_service_win.cc(665)] Failed to read DnsConfig.
[0610/133547:WARNING:dns_config_service_win.cc(665)] Failed to read DnsConfig.
[0610/133552:WARNING:dns_config_service_win.cc(665)] Failed to read DnsConfig.
[0610/133557:WARNING:dns_config_service_win.cc(665)] Failed to read DnsConfig.
[0610/133602:WARNING:dns_config_service_win.cc(665)] Failed to read DnsConfig.
[0610/133607:WARNING:dns_config_service_win.cc(665)] Failed to read DnsConfig.
[0610/133612:WARNING:dns_config_service_win.cc(665)] Failed to read DnsConfig.
[0610/133617:WARNING:dns_config_service_win.cc(665)] Failed to read DnsConfig.
[0610/133622:WARNING:dns_config_service_win.cc(665)] Failed to read DnsConfig.
[0610/133627:WARNING:dns_config_service_win.cc(665)] Failed to read DnsConfig.
[0610/133632:WARNING:dns_config_service_win.cc(665)] Failed to read DnsConfig.
[0610/133637:WARNING:dns_config_service_win.cc(665)] Failed to read DnsConfig.
[0610/133642:WARNING:dns_config_service_win.cc(665)] Failed to read DnsConfig.
[0610/133647:WARNING:dns_config_service_win.cc(665)] Failed to read DnsConfig.
[0610/133652:WARNING:dns_config_service_win.cc(665)] Failed to read DnsConfig.
[0610/133657:WARNING:dns_config_service_win.cc(665)] Failed to read DnsConfig.
[0610/133702:WARNING:dns_config_service_win.cc(665)] Failed to read DnsConfig.
[0610/133707:WARNING:dns_config_service_win.cc(665)] Failed to read DnsConfig.
[0610/133712:WARNING:dns_config_service_win.cc(665)] Failed to read DnsConfig.
[0610/133717:WARNING:dns_config_service_win.cc(665)] Failed to read DnsConfig.
[0610/133722:WARNING:dns_config_service_win.cc(665)] Failed to read DnsConfig.
[0610/133727:WARNING:dns_config_service_win.cc(665)] Failed to read DnsConfig.
[0610/133732:WARNING:dns_config_service_win.cc(665)] Failed to read DnsConfig.
[0610/133737:WARNING:dns_config_service_win.cc(665)] Failed to read DnsConfig.
[0610/133742:WARNING:dns_config_service_win.cc(665)] Failed to read DnsConfig.
[0610/133747:WARNING:dns_config_service_win.cc(665)] Failed to read DnsConfig.
[0610/133752:WARNING:dns_config_service_win.cc(665)] Failed to read DnsConfig.
[0610/133757:WARNING:dns_config_service_win.cc(665)] Failed to read DnsConfig.
[0610/133802:WARNING:dns_config_service_win.cc(665)] Failed to read DnsConfig.
[0610/133807:WARNING:dns_config_service_win.cc(665)] Failed to read DnsConfig.
[0610/133812:WARNING:dns_config_service_win.cc(665)] Failed to read DnsConfig.
[0610/133817:WARNING:dns_config_service_win.cc(665)] Failed to read DnsConfig.
[0610/133822:WARNING:dns_config_service_win.cc(665)] Failed to read DnsConfig.
[0610/133827:WARNING:dns_config_service_win.cc(665)] Failed to read DnsConfig.
[0610/133832:WARNING:dns_config_service_win.cc(665)] Failed to read DnsConfig.
[0610/133837:WARNING:dns_config_service_win.cc(665)] Failed to read DnsConfig.
[0610/133842:WARNING:dns_config_service_win.cc(665)] Failed to read DnsConfig.
[0610/133847:WARNING:dns_config_service_win.cc(665)] Failed to read DnsConfig.
[0610/133852:WARNING:dns_config_service_win.cc(665)] Failed to read DnsConfig.
[0610/133857:WARNING:dns_config_service_win.cc(665)] Failed to read DnsConfig.
[0610/133902:WARNING:dns_config_service_win.cc(665)] Failed to read DnsConfig.
[0610/133907:WARNING:dns_config_service_win.cc(665)] Failed to read DnsConfig.
[0610/133912:WARNING:dns_config_service_win.cc(665)] Failed to read DnsConfig.
[0610/133917:WARNING:dns_config_service_win.cc(665)] Failed to read DnsConfig.
[0610/133922:WARNING:dns_config_service_win.cc(665)] Failed to read DnsConfig.
[0610/133927:WARNING:dns_config_service_win.cc(665)] Failed to read DnsConfig.
[0610/133932:WARNING:dns_config_service_win.cc(665)] Failed to read DnsConfig.
[0610/133937:WARNING:dns_config_service_win.cc(665)] Failed to read DnsConfig.
[0610/133942:WARNING:dns_config_service_win.cc(665)] Failed to read DnsConfig.
[0610/133947:WARNING:dns_config_service_win.cc(665)] Failed to read DnsConfig.
[0610/133952:WARNING:dns_config_service_win.cc(665)] Failed to read DnsConfig.
[0610/133957:WARNING:dns_config_service_win.cc(665)] Failed to read DnsConfig.
[0610/134002:WARNING:dns_config_service_win.cc(665)] Failed to read DnsConfig.
[0610/134007:WARNING:dns_config_service_win.cc(665)] Failed to read DnsConfig.
[0610/134012:WARNING:dns_config_service_win.cc(665)] Failed to read DnsConfig.
[0610/134017:WARNING:dns_config_service_win.cc(665)] Failed to read DnsConfig.
[0610/134022:WARNING:dns_config_service_win.cc(665)] Failed to read DnsConfig.
[0610/134027:WARNING:dns_config_service_win.cc(665)] Failed to read DnsConfig.
[0610/134032:WARNING:dns_config_service_win.cc(665)] Failed to read DnsConfig.
[0610/134037:WARNING:dns_config_service_win.cc(665)] Failed to read DnsConfig.
[0610/134042:WARNING:dns_config_service_win.cc(665)] Failed to read DnsConfig.
[0610/134047:WARNING:dns_config_service_win.cc(665)] Failed to read DnsConfig.
[0610/134053:WARNING:dns_config_service_win.cc(665)] Failed to read DnsConfig.
[0610/134058:WARNING:dns_config_service_win.cc(665)] Failed to read DnsConfig.
[0610/134103:WARNING:dns_config_service_win.cc(665)] Failed to read DnsConfig.
[0610/134108:WARNING:dns_config_service_win.cc(665)] Failed to read DnsConfig.
[0610/134113:WARNING:dns_config_service_win.cc(665)] Failed to read DnsConfig.
[0610/134118:WARNING:dns_config_service_win.cc(665)] Failed to read DnsConfig.
[0610/134123:WARNING:dns_config_service_win.cc(665)] Failed to read DnsConfig.
[0610/134128:WARNING:dns_config_service_win.cc(665)] Failed to read DnsConfig.
[0610/134133:WARNING:dns_config_service_win.cc(665)] Failed to read DnsConfig.
[0610/134138:WARNING:dns_config_service_win.cc(665)] Failed to read DnsConfig.
[0610/134143:WARNING:dns_config_service_win.cc(665)] Failed to read DnsConfig.
[0610/134148:WARNING:dns_config_service_win.cc(665)] Failed to read DnsConfig.
[0610/134153:WARNING:dns_config_service_win.cc(665)] Failed to read DnsConfig.
[0610/134158:WARNING:dns_config_service_win.cc(665)] Failed to read DnsConfig.
[0610/134203:WARNING:dns_config_service_win.cc(665)] Failed to read DnsConfig.
[0610/134208:WARNING:dns_config_service_win.cc(665)] Failed to read DnsConfig.
[0610/134213:WARNING:dns_config_service_win.cc(665)] Failed to read DnsConfig.
[0610/134218:WARNING:dns_config_service_win.cc(665)] Failed to read DnsConfig.
[0610/134223:WARNING:dns_config_service_win.cc(665)] Failed to read DnsConfig.
[0610/134228:WARNING:dns_config_service_win.cc(665)] Failed to read DnsConfig.
[0610/134233:WARNING:dns_config_service_win.cc(665)] Failed to read DnsConfig.
[0610/134238:WARNING:dns_config_service_win.cc(665)] Failed to read DnsConfig.
[0610/134243:WARNING:dns_config_service_win.cc(665)] Failed to read DnsConfig.
[0610/134248:WARNING:dns_config_service_win.cc(665)] Failed to read DnsConfig.
[0610/134253:WARNING:dns_config_service_win.cc(665)] Failed to read DnsConfig.
[0610/134258:WARNING:dns_config_service_win.cc(665)] Failed to read DnsConfig.
[0610/134303:WARNING:dns_config_service_win.cc(665)] Failed to read DnsConfig.
[0610/134308:WARNING:dns_config_service_win.cc(665)] Failed to read DnsConfig.
[0610/134313:WARNING:dns_config_service_win.cc(665)] Failed to read DnsConfig.
[0610/134318:WARNING:dns_config_service_win.cc(665)] Failed to read DnsConfig.
[0610/134323:WARNING:dns_config_service_win.cc(665)] Failed to read DnsConfig.
[0610/134328:WARNING:dns_config_service_win.cc(665)] Failed to read DnsConfig.
[0610/134333:WARNING:dns_config_service_win.cc(665)] Failed to read DnsConfig.
[0610/134338:WARNING:dns_config_service_win.cc(665)] Failed to read DnsConfig.
[0610/134343:WARNING:dns_config_service_win.cc(665)] Failed to read DnsConfig.
[0610/134348:WARNING:dns_config_service_win.cc(665)] Failed to read DnsConfig.
[0610/134353:WARNING:dns_config_service_win.cc(665)] Failed to read DnsConfig.
[0610/134358:WARNING:dns_config_service_win.cc(665)] Failed to read DnsConfig.
[0610/134403:WARNING:dns_config_service_win.cc(665)] Failed to read DnsConfig.
[0610/134408:WARNING:dns_config_service_win.cc(665)] Failed to read DnsConfig.
[0610/134413:WARNING:dns_config_service_win.cc(665)] Failed to read DnsConfig.
[0610/134418:WARNING:dns_config_service_win.cc(665)] Failed to read DnsConfig.
[0610/134423:WARNING:dns_config_service_win.cc(665)] Failed to read DnsConfig.
[0610/134428:WARNING:dns_config_service_win.cc(665)] Failed to read DnsConfig.
[0610/134433:WARNING:dns_config_service_win.cc(665)] Failed to read DnsConfig.
[0611/224745:INFO:CONSOLE(0)] "Unrecognized Content-Security-Policy directive 'prefetch-src'.
", source: https://www.altium.com/ad-start/ (0)
[0611/224745:INFO:CONSOLE(0)] "The source list for Content Security Policy directive 'script-src' contains an invalid source: ''report-sample''. It will be ignored.", source: https://www.altium.com/ad-start/ (0)
[0611/224745:INFO:CONSOLE(0)] "Unrecognized Content-Security-Policy directive 'worker-src'.
", source: https://www.altium.com/ad-start/ (0)
