Added Component: Designator=IC2(dspic)
Add component. Clean all parameters for all variants
Added Pin To Net: NetName=MCLR Pin=IC2-1
Added Pin To Net: NetName=RB0 Pin=IC2-2
Added Pin To Net: NetName=RB1 Pin=IC2-3
Added Pin To Net: NetName=RB2 Pin=IC2-4
Added Pin To Net: NetName=RB3 Pin=IC2-5
Added Pin To Net: NetName=RB4 Pin=IC2-6
Added Pin To Net: NetName=RB5 Pin=IC2-7
Added Pin To Net: NetName=PGD Pin=IC2-8
Added Pin To Net: NetName=PGC Pin=IC2-9
Added Pin To Net: NetName=5V Pin=IC2-11
Added Pin To Net: NetName=GND Pin=IC2-12
Added Pin To Net: NetName=OSC1 Pin=IC2-13
Added Pin To Net: NetName=OSC2 Pin=IC2-14
Added Pin To Net: NetName=U1ATX Pin=IC2-15
Added Pin To Net: NetName=U1ARX Pin=IC2-16
Added Pin To Net: NetName=INT0 Pin=IC2-17
Added Pin To Net: NetName=TRIG1 Pin=IC2-18
Added Pin To Net: NetName=GND Pin=IC2-20
Added Pin To Net: NetName=5V Pin=IC2-21
Added Pin To Net: NetName=TRIG2 Pin=IC2-22
Added Pin To Net: NetName=INT1 Pin=IC2-23
Added Pin To Net: NetName=U2TX Pin=IC2-27
Added Pin To Net: NetName=U2RX Pin=IC2-28
Added Pin To Net: NetName=GND Pin=IC2-31
Added Pin To Net: NetName=5V Pin=IC2-32
Added Pin To Net: NetName=EnB Pin=IC2-33
Added Pin To Net: NetName=EnA Pin=IC2-34
Added Pin To Net: NetName=In4 Pin=IC2-35
Added Pin To Net: NetName=In3 Pin=IC2-36
Added Pin To Net: NetName=In2 Pin=IC2-37
Added Pin To Net: NetName=In1 Pin=IC2-38
Added Pin To Net: NetName=GND Pin=IC2-39
Added Pin To Net: NetName=5V Pin=IC2-40
Added Member To Class: ClassName=schematic Member=Component IC2 dspic30f4013
Added Room: Name=schematic
